number,value,datetime_start,datetime_complete,duration,params_alpha,params_group_count,params_group_decay_rate,params_num_nearest_neighbors,params_within_decay_rate,user_attrs_accuracy@010,user_attrs_accuracy@020,user_attrs_f1@010,user_attrs_f1@020,user_attrs_mrr@010,user_attrs_mrr@020,user_attrs_ndcg@010,user_attrs_ndcg@020,user_attrs_phr@010,user_attrs_phr@020,user_attrs_precision@010,user_attrs_precision@020,user_attrs_recall@010,user_attrs_recall@020,state
0,0.26938484764171833,2023-06-17 23:02:27.028998,2023-06-17 23:11:16.428849,0 days 00:08:49.399851,0.4,4,0.4,900,0.8,0.2687146538450368,0.27237573694074263,0.11393606051700346,0.06594484782823105,0.26035111095841806,0.26035111095841806,0.2522769470283192,0.25338943993558194,0.30988963427829475,0.31508331529971867,0.0756762605496637,0.0388876866479113,0.26938484764171833,0.27243412980536974,COMPLETE
1,0.27013221215774763,2023-06-17 23:11:16.459343,2023-06-17 23:18:57.861418,0 days 00:07:41.402075,0.1,10,0.8,300,0.6,0.2694885020123063,0.27331627191611857,0.11417916770888663,0.0661811083420524,0.25613173711557724,0.25613173711557724,0.24979175159061848,0.2509929065856511,0.31097165115775804,0.314866911923826,0.07580610257519935,0.039017528673446884,0.27013221215774763,0.2733736811290371,COMPLETE
2,0.2673564094901467,2023-06-17 23:18:57.888306,2023-06-17 23:26:10.572470,0 days 00:07:12.684164,0.6,8,1.0,100,0.4,0.26666885587787786,0.27297427729528806,0.11296587816452937,0.06606790198944276,0.22889973169660685,0.22889973169660685,0.22870342367345375,0.230797175998373,0.30880761739883145,0.31400129842025537,0.07496212940921791,0.038930967323089816,0.2673564094901467,0.27302807978527505,COMPLETE
3,0.269375573211323,2023-06-17 23:26:10.598867,2023-06-17 23:33:30.718438,0 days 00:07:20.119571,0.8,7,0.4,100,0.2,0.2686833175120342,0.2719633386198829,0.11397391711920185,0.06583128175238531,0.2609741360170745,0.2609741360170745,0.2529753964300479,0.25393705353899665,0.30945682752650944,0.3124864747890067,0.07571954122484226,0.038811945466348856,0.269375573211323,0.2720185837990425,COMPLETE
4,0.26938965660562714,2023-06-17 23:33:30.745368,2023-06-17 23:41:58.593617,0 days 00:08:27.848249,0.5,21,0.6,900,0.5,0.2687233739955012,0.27253803947266214,0.11394348256453986,0.06604824091780254,0.25990136458202484,0.25990136458202484,0.25211082097786963,0.2532908101417697,0.31053884440597274,0.31508331529971867,0.0756762605496637,0.038952607660679095,0.26938965660562714,0.2725964323372892,COMPLETE
5,0.2675191413938438,2023-06-17 23:41:58.622013,2023-06-17 23:49:56.052792,0 days 00:07:57.430779,0.8,13,1.0,700,0.8,0.2669603728319138,0.27299849386354275,0.11295067560179685,0.0659468414709763,0.23249190439439238,0.23249190439439238,0.23034241979404563,0.23233493682405026,0.30988963427829475,0.31465050854793336,0.07494048907162869,0.0388227656351435,0.2675191413938438,0.27304096093860203,COMPLETE
6,0.26919772742105563,2023-06-17 23:49:56.081778,2023-06-17 23:58:28.088002,0 days 00:08:32.006224,0.2,15,0.9,900,0.2,0.26852727131725174,0.27265937993700196,0.11384446049548329,0.06600681666394546,0.2537302096779779,0.2537302096779779,0.248329460645513,0.24957838441674196,0.31097165115775804,0.31465050854793336,0.07561133953689594,0.03892014715429519,0.26919772742105563,0.272717257555496,COMPLETE
7,0.26872009425569254,2023-06-17 23:58:28.116070,2023-06-18 00:06:40.640339,0 days 00:08:12.524269,0.8,7,0.2,700,0.9,0.2680384479426894,0.2715559335024584,0.11364226019399205,0.0657124928700027,0.26124089136317263,0.26124089136317263,0.25247813832233446,0.2535021672325062,0.30988963427829475,0.314217701796148,0.07548149751136032,0.03874702445358106,0.26872009425569254,0.27161334271537685,COMPLETE
8,0.269534956015155,2023-06-18 00:06:40.666073,2023-06-18 00:15:19.397921,0 days 00:08:38.731848,0.3,14,0.9,700,0.9,0.2688820182798758,0.2734100467123386,0.11393786537140277,0.06614446517753368,0.2556362053165593,0.2556362053165593,0.2493983651786632,0.25079280062421966,0.31097165115775804,0.314866911923826,0.07565462021207446,0.038995888335857626,0.269534956015155,0.2734674559252571,COMPLETE
9,0.2694786224379386,2023-06-18 00:15:19.426682,2023-06-18 00:24:18.183907,0 days 00:08:58.757225,0.6,11,0.3,1300,0.7,0.26877545288874005,0.27294864380016753,0.11402622859029206,0.06612625571409306,0.2611593426466293,0.2611593426466293,0.2529488465274497,0.2542108248698605,0.31097165115775804,0.31529971867561135,0.07576282190002076,0.038995888335857626,0.2694786224379386,0.27300605301308606,COMPLETE
10,0.2699765219512026,2023-06-18 00:24:18.208047,2023-06-18 00:32:17.172862,0 days 00:07:58.964815,0.1,19,0.8,300,0.6,0.26935609156286483,0.2733162719161185,0.11407500594001342,0.0661811083420524,0.25616507646000614,0.25616507646000614,0.2496030988236274,0.2508734852243027,0.31032244103008005,0.31465050854793336,0.07571954122484228,0.039017528673446884,0.2699765219512026,0.2733736811290371,COMPLETE
11,0.2699765219512026,2023-06-18 00:32:17.208336,2023-06-18 00:40:22.779204,0 days 00:08:05.570868,0.1,21,0.8,300,0.6,0.26935609156286483,0.2733162719161185,0.11407500594001342,0.0661811083420524,0.25616507646000614,0.25616507646000614,0.2496030988236274,0.2508734852243027,0.31032244103008005,0.31465050854793336,0.07571954122484228,0.039017528673446884,0.2699765219512026,0.2733736811290371,COMPLETE
12,0.2699765219512026,2023-06-18 00:40:22.812785,2023-06-18 00:48:32.039876,0 days 00:08:09.227091,0.1,19,0.8,300,0.6,0.26935609156286483,0.2733162719161185,0.11407500594001342,0.0661811083420524,0.25616507646000614,0.25616507646000614,0.2496030988236274,0.2508734852243027,0.31032244103008005,0.31465050854793336,0.07571954122484228,0.039017528673446884,0.2699765219512026,0.2733736811290371,COMPLETE
13,0.26936861738852647,2023-06-18 00:48:32.077295,2023-06-18 00:57:50.593784,0 days 00:09:18.516489,0.1,17,0.5,1100,1.0,0.26866549467988543,0.2721146102004988,0.11404048373330726,0.0659410897742674,0.2604578815683939,0.2604578815683939,0.25260408476197965,0.2536258209051999,0.3107552477818654,0.314866911923826,0.07578446223761005,0.03888768664791129,0.26936861738852647,0.272170839031367,COMPLETE
14,0.27013221215774763,2023-06-18 00:57:50.623143,2023-06-18 01:05:59.778773,0 days 00:08:09.155630,0.9,10,0.8,300,0.6,0.2694885020123063,0.27331627191611857,0.11417916770888663,0.0661811083420524,0.25613173487590574,0.25613173487590574,0.24979175159061848,0.2509929065856511,0.31097165115775804,0.314866911923826,0.07580610257519935,0.039017528673446884,0.27013221215774763,0.2733736811290371,COMPLETE
15,0.26960142276632193,2023-06-18 01:05:59.807462,2023-06-18 01:14:31.531116,0 days 00:08:31.723654,0.9,10,0.7,500,0.6,0.2689502930765643,0.2733600678374301,0.11393087574286441,0.06615482060653555,0.2549865996569002,0.2549865996569002,0.24916353456563686,0.25056181440628367,0.31053884440597274,0.3144341051720407,0.0756329798744852,0.03899588833585762,0.26960142276632193,0.2734169618042156,COMPLETE
16,0.2689229294834141,2023-06-18 01:14:31.574688,2023-06-18 01:22:43.481135,0 days 00:08:11.906447,0.9,2,0.1,300,0.3,0.2682521033392056,0.27136959395775473,0.11371336771885591,0.065715181702964,0.2610094339799758,0.2610094339799758,0.25284455270491946,0.2537775097807204,0.30945682752650944,0.3124864747890067,0.07552477818653885,0.0387578446223757,0.2689229294834141,0.2714284552279574,COMPLETE
17,0.2681674927779666,2023-06-18 01:22:43.512326,2023-06-18 01:30:02.102672,0 days 00:07:18.590346,1.0,10,0.8,300,0.1,0.26768920942963353,0.2696970331875961,0.1133874950726332,0.06515972947207595,0.254455448808627,0.254455448808627,0.24840881593817438,0.2489183850369795,0.30924042415061676,0.3107552477818654,0.0753083748106462,0.03840077905215279,0.2681674927779666,0.2694562647792468,COMPLETE
18,0.025139717576419605,2023-06-18 01:30:02.131637,2023-06-18 01:41:13.504755,0 days 00:11:11.373118,0.0,5,0.8,500,0.6,0.025062533705684554,0.030763216922056986,0.01096486287073677,0.007590272263953326,0.029251127992078227,0.029251127992078227,0.02217393048476523,0.023996388823794637,0.0419822549231768,0.0497727764553127,0.007271153429993515,0.004436269205799621,0.025139717576419605,0.03077187305709269,COMPLETE
19,0.2697160650309319,2023-06-18 01:41:13.540948,2023-06-18 01:50:34.525372,0 days 00:09:20.984424,0.7,12,0.6,1100,1.0,0.26905343598429504,0.27264675640674146,0.11412158597787378,0.06608299222509977,0.2599393704104483,0.2599393704104483,0.25244801486389423,0.2535529246640814,0.3114044579095434,0.31573252542739666,0.07580610257519933,0.03897424799826837,0.2697160650309319,0.27270463402523554,COMPLETE
20,0.26946136169248036,2023-06-18 01:50:34.625892,2023-06-18 02:00:14.846950,0 days 00:09:40.221058,0.9,16,0.7,1300,0.5,0.2687941422712034,0.2725977143429841,0.11397734976199193,0.06599684012649037,0.25553622538777276,0.25553622538777276,0.24949081233170667,0.2506398131892588,0.3124864747890067,0.31659813893096733,0.075697900887253,0.038909326985500564,0.26946136169248036,0.2726541399041939,COMPLETE
21,0.2699765219512026,2023-06-18 02:00:14.876945,2023-06-18 02:08:41.209428,0 days 00:08:26.332483,0.1,23,0.8,300,0.6,0.26935609156286483,0.2733162719161185,0.11407500594001342,0.0661811083420524,0.25616507646000614,0.25616507646000614,0.2496030988236274,0.2508734852243027,0.31032244103008005,0.31465050854793336,0.07571954122484228,0.039017528673446884,0.2699765219512026,0.2733736811290371,COMPLETE
22,0.2699244820917618,2023-06-18 02:08:41.242656,2023-06-18 02:17:15.380103,0 days 00:08:34.137447,0.1,9,0.8,300,0.6,0.26925896766677976,0.2734244736040649,0.1141872841341303,0.06620078137622447,0.25487668480207665,0.25487668480207665,0.24917027290347632,0.250449225100966,0.3107552477818654,0.31508331529971867,0.07584938325037788,0.03902834884224152,0.2699244820917618,0.27348188281698343,COMPLETE
23,0.2699765219512026,2023-06-18 02:17:15.431257,2023-06-18 02:25:46.495280,0 days 00:08:31.064023,0.5,18,0.8,300,0.6,0.26935609156286483,0.2733162719161185,0.11407500594001342,0.0661811083420524,0.2562467489914011,0.2562467489914011,0.2496173209827379,0.2508875017001459,0.31032244103008005,0.31465050854793336,0.07571954122484228,0.039017528673446884,0.2699765219512026,0.2733736811290371,COMPLETE
24,0.2681562432373944,2023-06-18 02:25:46.525540,2023-06-18 02:33:38.587616,0 days 00:07:52.062076,1.0,13,0.2,300,0.1,0.2676543522480549,0.26970686970468205,0.11343930223895261,0.06517054964087059,0.2610258018290101,0.2610258018290101,0.25240100192355924,0.252891810629077,0.3090240207747241,0.3107552477818654,0.07537329582341398,0.03841159922094743,0.2681562432373944,0.2694670849480414,COMPLETE
